2021-05-10 11:04:31.559  INFO 18536 --- [restartedMain] com.cg.homeloan.HomeLoanAppApplication   : Starting HomeLoanAppApplication using Java 15.0.2 on lin51012147 with PID 18536 (C:\Users\AARAJAIN\eclipse-workspace\com.cg.homeloan\bin\main started by aarajain in C:\Users\AARAJAIN\eclipse-workspace\com.cg.homeloan)
2021-05-10 11:04:31.576  INFO 18536 --- [restartedMain] com.cg.homeloan.HomeLoanAppApplication   : No active profile set, falling back to default profiles: default
2021-05-10 11:04:31.703  INFO 18536 --- [restartedMain] o.s.b.devtools.restart.ChangeableUrls    : The Class-Path manifest attribute in C:\Users\AARAJAIN\.gradle\caches\modules-2\files-2.1\com.oracle.database.jdbc\ojdbc8\19.8.0.0\df9cff9b91c47d06b9a0482d566ee2d83a03e586\ojdbc8-19.8.0.0.jar referenced one or more files that do not exist: file:/C:/Users/AARAJAIN/.gradle/caches/modules-2/files-2.1/com.oracle.database.jdbc/ojdbc8/19.8.0.0/df9cff9b91c47d06b9a0482d566ee2d83a03e586/oraclepki.jar
2021-05-10 11:04:31.705  INFO 18536 --- [restartedMain] .e.DevToolsPropertyDefaultsPostProcessor : Devtools property defaults active! Set 'spring.devtools.add-properties' to 'false' to disable
2021-05-10 11:04:31.705  INFO 18536 --- [restartedMain] .e.DevToolsPropertyDefaultsPostProcessor : For additional web related logging consider setting the 'logging.level.web' property to 'DEBUG'
2021-05-10 11:04:33.140  INFO 18536 --- [restartedMain] .s.d.r.c.RepositoryConfigurationDelegate : Bootstrapping Spring Data JPA repositories in DEFAULT mode.
2021-05-10 11:04:33.288  INFO 18536 --- [restartedMain] .s.d.r.c.RepositoryConfigurationDelegate : Finished Spring Data repository scanning in 127 ms. Found 7 JPA repository interfaces.
2021-05-10 11:04:34.337  INFO 18536 --- [restartedMain] o.s.b.w.embedded.tomcat.TomcatWebServer  : Tomcat initialized with port(s): 8095 (http)
2021-05-10 11:04:34.352  INFO 18536 --- [restartedMain] o.apache.catalina.core.StandardService   : Starting service [Tomcat]
2021-05-10 11:04:34.353  INFO 18536 --- [restartedMain] org.apache.catalina.core.StandardEngine  : Starting Servlet engine: [Apache Tomcat/9.0.44]
2021-05-10 11:04:34.508  INFO 18536 --- [restartedMain] o.a.c.c.C.[Tomcat].[localhost].[/]       : Initializing Spring embedded WebApplicationContext
2021-05-10 11:04:34.509  INFO 18536 --- [restartedMain] w.s.c.ServletWebServerApplicationContext : Root WebApplicationContext: initialization completed in 2802 ms
2021-05-10 11:04:34.965  INFO 18536 --- [restartedMain] o.hibernate.jpa.internal.util.LogHelper  : HHH000204: Processing PersistenceUnitInfo [name: default]
2021-05-10 11:04:35.070  INFO 18536 --- [restartedMain] org.hibernate.Version                    : HHH000412: Hibernate ORM core version 5.4.29.Final
2021-05-10 11:04:35.316  INFO 18536 --- [restartedMain] o.hibernate.annotations.common.Version   : HCANN000001: Hibernate Commons Annotations {5.1.2.Final}
2021-05-10 11:04:35.464  INFO 18536 --- [restartedMain] com.zaxxer.hikari.HikariDataSource       : HikariPool-1 - Starting...
2021-05-10 11:04:35.791  INFO 18536 --- [restartedMain] com.zaxxer.hikari.HikariDataSource       : HikariPool-1 - Start completed.
2021-05-10 11:04:35.817  INFO 18536 --- [restartedMain] org.hibernate.dialect.Dialect            : HHH000400: Using dialect: org.hibernate.dialect.Oracle10gDialect
2021-05-10 11:04:38.161  INFO 18536 --- [restartedMain] o.h.e.t.j.p.i.JtaPlatformInitiator       : HHH000490: Using JtaPlatform implementation: [org.hibernate.engine.transaction.jta.platform.internal.NoJtaPlatform]
2021-05-10 11:04:38.181  INFO 18536 --- [restartedMain] j.LocalContainerEntityManagerFactoryBean : Initialized JPA EntityManagerFactory for persistence unit 'default'
2021-05-10 11:04:38.205  INFO 18536 --- [restartedMain] o.s.b.d.a.OptionalLiveReloadServer       : LiveReload server is running on port 35729
2021-05-10 11:04:38.627  WARN 18536 --- [restartedMain] ConfigServletWebServerApplicationContext : Exception encountered during context initialization - cancelling refresh attempt: org.springframework.beans.factory.UnsatisfiedDependencyException: Error creating bean with name 'adminController': Unsatisfied dependency expressed through field 'adminService'; nested exception is org.springframework.beans.factory.UnsatisfiedDependencyException: Error creating bean with name 'adminService': Unsatisfied dependency expressed through field 'iAdminRepository'; nested exception is org.springframework.beans.factory.BeanCreationException: Error creating bean with name 'IAdminRepository' defined in com.cg.homeloan.repositories.IAdminRepository defined in @EnableJpaRepositories declared on JpaRepositoriesRegistrar.EnableJpaRepositoriesConfiguration: Invocation of init method failed; nested exception is java.lang.IllegalArgumentException: Failed to create query for method public abstract com.cg.homeloan.entities.Admin com.cg.homeloan.repositories.IAdminRepository.findByUserNameAndPassword(java.lang.String,java.lang.String)! No property userName found for type Admin! Did you mean 'username'?
2021-05-10 11:04:38.628  INFO 18536 --- [restartedMain] j.LocalContainerEntityManagerFactoryBean : Closing JPA EntityManagerFactory for persistence unit 'default'
2021-05-10 11:04:38.636  INFO 18536 --- [restartedMain] com.zaxxer.hikari.HikariDataSource       : HikariPool-1 - Shutdown initiated...
2021-05-10 11:04:38.665  INFO 18536 --- [restartedMain] com.zaxxer.hikari.HikariDataSource       : HikariPool-1 - Shutdown completed.
2021-05-10 11:04:38.669  INFO 18536 --- [restartedMain] o.apache.catalina.core.StandardService   : Stopping service [Tomcat]
2021-05-10 11:04:38.689  INFO 18536 --- [restartedMain] ConditionEvaluationReportLoggingListener : 

Error starting ApplicationContext. To display the conditions report re-run your application with 'debug' enabled.
2021-05-10 11:04:38.746 ERROR 18536 --- [restartedMain] o.s.boot.SpringApplication               : Application run failed

org.springframework.beans.factory.UnsatisfiedDependencyException: Error creating bean with name 'adminController': Unsatisfied dependency expressed through field 'adminService'; nested exception is org.springframework.beans.factory.UnsatisfiedDependencyException: Error creating bean with name 'adminService': Unsatisfied dependency expressed through field 'iAdminRepository'; nested exception is org.springframework.beans.factory.BeanCreationException: Error creating bean with name 'IAdminRepository' defined in com.cg.homeloan.repositories.IAdminRepository defined in @EnableJpaRepositories declared on JpaRepositoriesRegistrar.EnableJpaRepositoriesConfiguration: Invocation of init method failed; nested exception is java.lang.IllegalArgumentException: Failed to create query for method public abstract com.cg.homeloan.entities.Admin com.cg.homeloan.repositories.IAdminRepository.findByUserNameAndPassword(java.lang.String,java.lang.String)! No property userName found for type Admin! Did you mean 'username'?
	at org.springframework.beans.factory.annotation.AutowiredAnnotationBeanPostProcessor$AutowiredFieldElement.resolveFieldValue(AutowiredAnnotationBeanPostProcessor.java:660) ~[spring-beans-5.3.5.jar:5.3.5]
	at org.springframework.beans.factory.annotation.AutowiredAnnotationBeanPostProcessor$AutowiredFieldElement.inject(AutowiredAnnotationBeanPostProcessor.java:640) ~[spring-beans-5.3.5.jar:5.3.5]
	at org.springframework.beans.factory.annotation.InjectionMetadata.inject(InjectionMetadata.java:119) ~[spring-beans-5.3.5.jar:5.3.5]
	at org.springframework.beans.factory.annotation.AutowiredAnnotationBeanPostProcessor.postProcessProperties(AutowiredAnnotationBeanPostProcessor.java:399) ~[spring-beans-5.3.5.jar:5.3.5]
	at org.springframework.beans.factory.support.AbstractAutowireCapableBeanFactory.populateBean(AbstractAutowireCapableBeanFactory.java:1413) ~[spring-beans-5.3.5.jar:5.3.5]
	at org.springframework.beans.factory.support.AbstractAutowireCapableBeanFactory.doCreateBean(AbstractAutowireCapableBeanFactory.java:601) ~[spring-beans-5.3.5.jar:5.3.5]
	at org.springframework.beans.factory.support.AbstractAutowireCapableBeanFactory.createBean(AbstractAutowireCapableBeanFactory.java:524) ~[spring-beans-5.3.5.jar:5.3.5]
	at org.springframework.beans.factory.support.AbstractBeanFactory.lambda$doGetBean$0(AbstractBeanFactory.java:335) ~[spring-beans-5.3.5.jar:5.3.5]
	at org.springframework.beans.factory.support.DefaultSingletonBeanRegistry.getSingleton(DefaultSingletonBeanRegistry.java:234) ~[spring-beans-5.3.5.jar:5.3.5]
	at org.springframework.beans.factory.support.AbstractBeanFactory.doGetBean(AbstractBeanFactory.java:333) ~[spring-beans-5.3.5.jar:5.3.5]
	at org.springframework.beans.factory.support.AbstractBeanFactory.getBean(AbstractBeanFactory.java:208) ~[spring-beans-5.3.5.jar:5.3.5]
	at org.springframework.beans.factory.support.DefaultListableBeanFactory.preInstantiateSingletons(DefaultListableBeanFactory.java:944) ~[spring-beans-5.3.5.jar:5.3.5]
	at org.springframework.context.support.AbstractApplicationContext.finishBeanFactoryInitialization(AbstractApplicationContext.java:918) ~[spring-context-5.3.5.jar:5.3.5]
	at org.springframework.context.support.AbstractApplicationContext.refresh(AbstractApplicationContext.java:583) ~[spring-context-5.3.5.jar:5.3.5]
	at org.springframework.boot.web.servlet.context.ServletWebServerApplicationContext.refresh(ServletWebServerApplicationContext.java:144) ~[spring-boot-2.4.4.jar:2.4.4]
	at org.springframework.boot.SpringApplication.refresh(SpringApplication.java:769) ~[spring-boot-2.4.4.jar:2.4.4]
	at org.springframework.boot.SpringApplication.refresh(SpringApplication.java:761) ~[spring-boot-2.4.4.jar:2.4.4]
	at org.springframework.boot.SpringApplication.refreshContext(SpringApplication.java:426) ~[spring-boot-2.4.4.jar:2.4.4]
	at org.springframework.boot.SpringApplication.run(SpringApplication.java:326) ~[spring-boot-2.4.4.jar:2.4.4]
	at org.springframework.boot.SpringApplication.run(SpringApplication.java:1313) ~[spring-boot-2.4.4.jar:2.4.4]
	at org.springframework.boot.SpringApplication.run(SpringApplication.java:1302) ~[spring-boot-2.4.4.jar:2.4.4]
	at com.cg.homeloan.HomeLoanAppApplication.main(HomeLoanAppApplication.java:26) ~[main/:na]
	at java.base/jdk.internal.reflect.NativeMethodAccessorImpl.invoke0(Native Method) ~[na:na]
	at java.base/jdk.internal.reflect.NativeMethodAccessorImpl.invoke(NativeMethodAccessorImpl.java:64) ~[na:na]
	at java.base/jdk.internal.reflect.DelegatingMethodAccessorImpl.invoke(DelegatingMethodAccessorImpl.java:43) ~[na:na]
	at java.base/java.lang.reflect.Method.invoke(Method.java:564) ~[na:na]
	at org.springframework.boot.devtools.restart.RestartLauncher.run(RestartLauncher.java:49) ~[spring-boot-devtools-2.4.1.jar:2.4.1]
Caused by: org.springframework.beans.factory.UnsatisfiedDependencyException: Error creating bean with name 'adminService': Unsatisfied dependency expressed through field 'iAdminRepository'; nested exception is org.springframework.beans.factory.BeanCreationException: Error creating bean with name 'IAdminRepository' defined in com.cg.homeloan.repositories.IAdminRepository defined in @EnableJpaRepositories declared on JpaRepositoriesRegistrar.EnableJpaRepositoriesConfiguration: Invocation of init method failed; nested exception is java.lang.IllegalArgumentException: Failed to create query for method public abstract com.cg.homeloan.entities.Admin com.cg.homeloan.repositories.IAdminRepository.findByUserNameAndPassword(java.lang.String,java.lang.String)! No property userName found for type Admin! Did you mean 'username'?
	at org.springframework.beans.factory.annotation.AutowiredAnnotationBeanPostProcessor$AutowiredFieldElement.resolveFieldValue(AutowiredAnnotationBeanPostProcessor.java:660) ~[spring-beans-5.3.5.jar:5.3.5]
	at org.springframework.beans.factory.annotation.AutowiredAnnotationBeanPostProcessor$AutowiredFieldElement.inject(AutowiredAnnotationBeanPostProcessor.java:640) ~[spring-beans-5.3.5.jar:5.3.5]
	at org.springframework.beans.factory.annotation.InjectionMetadata.inject(InjectionMetadata.java:119) ~[spring-beans-5.3.5.jar:5.3.5]
	at org.springframework.beans.factory.annotation.AutowiredAnnotationBeanPostProcessor.postProcessProperties(AutowiredAnnotationBeanPostProcessor.java:399) ~[spring-beans-5.3.5.jar:5.3.5]
	at org.springframework.beans.factory.support.AbstractAutowireCapableBeanFactory.populateBean(AbstractAutowireCapableBeanFactory.java:1413) ~[spring-beans-5.3.5.jar:5.3.5]
	at org.springframework.beans.factory.support.AbstractAutowireCapableBeanFactory.doCreateBean(AbstractAutowireCapableBeanFactory.java:601) ~[spring-beans-5.3.5.jar:5.3.5]
	at org.springframework.beans.factory.support.AbstractAutowireCapableBeanFactory.createBean(AbstractAutowireCapableBeanFactory.java:524) ~[spring-beans-5.3.5.jar:5.3.5]
	at org.springframework.beans.factory.support.AbstractBeanFactory.lambda$doGetBean$0(AbstractBeanFactory.java:335) ~[spring-beans-5.3.5.jar:5.3.5]
	at org.springframework.beans.factory.support.DefaultSingletonBeanRegistry.getSingleton(DefaultSingletonBeanRegistry.java:234) ~[spring-beans-5.3.5.jar:5.3.5]
	at org.springframework.beans.factory.support.AbstractBeanFactory.doGetBean(AbstractBeanFactory.java:333) ~[spring-beans-5.3.5.jar:5.3.5]
	at org.springframework.beans.factory.support.AbstractBeanFactory.getBean(AbstractBeanFactory.java:208) ~[spring-beans-5.3.5.jar:5.3.5]
	at org.springframework.beans.factory.config.DependencyDescriptor.resolveCandidate(DependencyDescriptor.java:276) ~[spring-beans-5.3.5.jar:5.3.5]
	at org.springframework.beans.factory.support.DefaultListableBeanFactory.doResolveDependency(DefaultListableBeanFactory.java:1380) ~[spring-beans-5.3.5.jar:5.3.5]
	at org.springframework.beans.factory.support.DefaultListableBeanFactory.resolveDependency(DefaultListableBeanFactory.java:1300) ~[spring-beans-5.3.5.jar:5.3.5]
	at org.springframework.beans.factory.annotation.AutowiredAnnotationBeanPostProcessor$AutowiredFieldElement.resolveFieldValue(AutowiredAnnotationBeanPostProcessor.java:657) ~[spring-beans-5.3.5.jar:5.3.5]
	... 26 common frames omitted
Caused by: org.springframework.beans.factory.BeanCreationException: Error creating bean with name 'IAdminRepository' defined in com.cg.homeloan.repositories.IAdminRepository defined in @EnableJpaRepositories declared on JpaRepositoriesRegistrar.EnableJpaRepositoriesConfiguration: Invocation of init method failed; nested exception is java.lang.IllegalArgumentException: Failed to create query for method public abstract com.cg.homeloan.entities.Admin com.cg.homeloan.repositories.IAdminRepository.findByUserNameAndPassword(java.lang.String,java.lang.String)! No property userName found for type Admin! Did you mean 'username'?
	at org.springframework.beans.factory.support.AbstractAutowireCapableBeanFactory.initializeBean(AbstractAutowireCapableBeanFactory.java:1786) ~[spring-beans-5.3.5.jar:5.3.5]
	at org.springframework.beans.factory.support.AbstractAutowireCapableBeanFactory.doCreateBean(AbstractAutowireCapableBeanFactory.java:602) ~[spring-beans-5.3.5.jar:5.3.5]
	at org.springframework.beans.factory.support.AbstractAutowireCapableBeanFactory.createBean(AbstractAutowireCapableBeanFactory.java:524) ~[spring-beans-5.3.5.jar:5.3.5]
	at org.springframework.beans.factory.support.AbstractBeanFactory.lambda$doGetBean$0(AbstractBeanFactory.java:335) ~[spring-beans-5.3.5.jar:5.3.5]
	at org.springframework.beans.factory.support.DefaultSingletonBeanRegistry.getSingleton(DefaultSingletonBeanRegistry.java:234) ~[spring-beans-5.3.5.jar:5.3.5]
	at org.springframework.beans.factory.support.AbstractBeanFactory.doGetBean(AbstractBeanFactory.java:333) ~[spring-beans-5.3.5.jar:5.3.5]
	at org.springframework.beans.factory.support.AbstractBeanFactory.getBean(AbstractBeanFactory.java:208) ~[spring-beans-5.3.5.jar:5.3.5]
	at org.springframework.beans.factory.config.DependencyDescriptor.resolveCandidate(DependencyDescriptor.java:276) ~[spring-beans-5.3.5.jar:5.3.5]
	at org.springframework.beans.factory.support.DefaultListableBeanFactory.doResolveDependency(DefaultListableBeanFactory.java:1380) ~[spring-beans-5.3.5.jar:5.3.5]
	at org.springframework.beans.factory.support.DefaultListableBeanFactory.resolveDependency(DefaultListableBeanFactory.java:1300) ~[spring-beans-5.3.5.jar:5.3.5]
	at org.springframework.beans.factory.annotation.AutowiredAnnotationBeanPostProcessor$AutowiredFieldElement.resolveFieldValue(AutowiredAnnotationBeanPostProcessor.java:657) ~[spring-beans-5.3.5.jar:5.3.5]
	... 40 common frames omitted
Caused by: java.lang.IllegalArgumentException: Failed to create query for method public abstract com.cg.homeloan.entities.Admin com.cg.homeloan.repositories.IAdminRepository.findByUserNameAndPassword(java.lang.String,java.lang.String)! No property userName found for type Admin! Did you mean 'username'?
	at org.springframework.data.jpa.repository.query.PartTreeJpaQuery.<init>(PartTreeJpaQuery.java:96) ~[spring-data-jpa-2.4.6.jar:2.4.6]
	at org.springframework.data.jpa.repository.query.JpaQueryLookupStrategy$CreateQueryLookupStrategy.resolveQuery(JpaQueryLookupStrategy.java:107) ~[spring-data-jpa-2.4.6.jar:2.4.6]
	at org.springframework.data.jpa.repository.query.JpaQueryLookupStrategy$CreateIfNotFoundQueryLookupStrategy.resolveQuery(JpaQueryLookupStrategy.java:218) ~[spring-data-jpa-2.4.6.jar:2.4.6]
	at org.springframework.data.jpa.repository.query.JpaQueryLookupStrategy$AbstractQueryLookupStrategy.resolveQuery(JpaQueryLookupStrategy.java:81) ~[spring-data-jpa-2.4.6.jar:2.4.6]
	at org.springframework.data.repository.core.support.QueryExecutorMethodInterceptor.lookupQuery(QueryExecutorMethodInterceptor.java:100) ~[spring-data-commons-2.4.6.jar:2.4.6]
	at org.springframework.data.repository.core.support.QueryExecutorMethodInterceptor.lambda$mapMethodsToQuery$1(QueryExecutorMethodInterceptor.java:93) ~[spring-data-commons-2.4.6.jar:2.4.6]
	at java.base/java.util.stream.ReferencePipeline$3$1.accept(ReferencePipeline.java:195) ~[na:na]
	at java.base/java.util.Iterator.forEachRemaining(Iterator.java:133) ~[na:na]
	at java.base/java.util.Collections$UnmodifiableCollection$1.forEachRemaining(Collections.java:1056) ~[na:na]
	at java.base/java.util.Spliterators$IteratorSpliterator.forEachRemaining(Spliterators.java:1801) ~[na:na]
	at java.base/java.util.stream.AbstractPipeline.copyInto(AbstractPipeline.java:484) ~[na:na]
	at java.base/java.util.stream.AbstractPipeline.wrapAndCopyInto(AbstractPipeline.java:474) ~[na:na]
	at java.base/java.util.stream.ReduceOps$ReduceOp.evaluateSequential(ReduceOps.java:913) ~[na:na]
	at java.base/java.util.stream.AbstractPipeline.evaluate(AbstractPipeline.java:234) ~[na:na]
	at java.base/java.util.stream.ReferencePipeline.collect(ReferencePipeline.java:578) ~[na:na]
	at org.springframework.data.repository.core.support.QueryExecutorMethodInterceptor.mapMethodsToQuery(QueryExecutorMethodInterceptor.java:95) ~[spring-data-commons-2.4.6.jar:2.4.6]
	at org.springframework.data.repository.core.support.QueryExecutorMethodInterceptor.lambda$new$0(QueryExecutorMethodInterceptor.java:85) ~[spring-data-commons-2.4.6.jar:2.4.6]
	at java.base/java.util.Optional.map(Optional.java:258) ~[na:na]
	at org.springframework.data.repository.core.support.QueryExecutorMethodInterceptor.<init>(QueryExecutorMethodInterceptor.java:85) ~[spring-data-commons-2.4.6.jar:2.4.6]
	at org.springframework.data.repository.core.support.RepositoryFactorySupport.getRepository(RepositoryFactorySupport.java:303) ~[spring-data-commons-2.4.6.jar:2.4.6]
	at org.springframework.data.repository.core.support.RepositoryFactoryBeanSupport.lambda$afterPropertiesSet$5(RepositoryFactoryBeanSupport.java:323) ~[spring-data-commons-2.4.6.jar:2.4.6]
	at org.springframework.data.util.Lazy.getNullable(Lazy.java:230) ~[spring-data-commons-2.4.6.jar:2.4.6]
	at org.springframework.data.util.Lazy.get(Lazy.java:114) ~[spring-data-commons-2.4.6.jar:2.4.6]
	at org.springframework.data.repository.core.support.RepositoryFactoryBeanSupport.afterPropertiesSet(RepositoryFactoryBeanSupport.java:329) ~[spring-data-commons-2.4.6.jar:2.4.6]
	at org.springframework.data.jpa.repository.support.JpaRepositoryFactoryBean.afterPropertiesSet(JpaRepositoryFactoryBean.java:144) ~[spring-data-jpa-2.4.6.jar:2.4.6]
	at org.springframework.beans.factory.support.AbstractAutowireCapableBeanFactory.invokeInitMethods(AbstractAutowireCapableBeanFactory.java:1845) ~[spring-beans-5.3.5.jar:5.3.5]
	at org.springframework.beans.factory.support.AbstractAutowireCapableBeanFactory.initializeBean(AbstractAutowireCapableBeanFactory.java:1782) ~[spring-beans-5.3.5.jar:5.3.5]
	... 50 common frames omitted
Caused by: org.springframework.data.mapping.PropertyReferenceException: No property userName found for type Admin! Did you mean 'username'?
	at org.springframework.data.mapping.PropertyPath.<init>(PropertyPath.java:90) ~[spring-data-commons-2.4.6.jar:2.4.6]
	at org.springframework.data.mapping.PropertyPath.create(PropertyPath.java:437) ~[spring-data-commons-2.4.6.jar:2.4.6]
	at org.springframework.data.mapping.PropertyPath.create(PropertyPath.java:413) ~[spring-data-commons-2.4.6.jar:2.4.6]
	at org.springframework.data.mapping.PropertyPath.lambda$from$0(PropertyPath.java:366) ~[spring-data-commons-2.4.6.jar:2.4.6]
	at java.base/java.util.concurrent.ConcurrentMap.computeIfAbsent(ConcurrentMap.java:330) ~[na:na]
	at org.springframework.data.mapping.PropertyPath.from(PropertyPath.java:348) ~[spring-data-commons-2.4.6.jar:2.4.6]
	at org.springframework.data.mapping.PropertyPath.from(PropertyPath.java:331) ~[spring-data-commons-2.4.6.jar:2.4.6]
	at org.springframework.data.repository.query.parser.Part.<init>(Part.java:81) ~[spring-data-commons-2.4.6.jar:2.4.6]
	at org.springframework.data.repository.query.parser.PartTree$OrPart.lambda$new$0(PartTree.java:249) ~[spring-data-commons-2.4.6.jar:2.4.6]
	at java.base/java.util.stream.ReferencePipeline$3$1.accept(ReferencePipeline.java:195) ~[na:na]
	at java.base/java.util.stream.ReferencePipeline$2$1.accept(ReferencePipeline.java:177) ~[na:na]
	at java.base/java.util.Spliterators$ArraySpliterator.forEachRemaining(Spliterators.java:948) ~[na:na]
	at java.base/java.util.stream.AbstractPipeline.copyInto(AbstractPipeline.java:484) ~[na:na]
	at java.base/java.util.stream.AbstractPipeline.wrapAndCopyInto(AbstractPipeline.java:474) ~[na:na]
	at java.base/java.util.stream.ReduceOps$ReduceOp.evaluateSequential(ReduceOps.java:913) ~[na:na]
	at java.base/java.util.stream.AbstractPipeline.evaluate(AbstractPipeline.java:234) ~[na:na]
	at java.base/java.util.stream.ReferencePipeline.collect(ReferencePipeline.java:578) ~[na:na]
	at org.springframework.data.repository.query.parser.PartTree$OrPart.<init>(PartTree.java:250) ~[spring-data-commons-2.4.6.jar:2.4.6]
	at org.springframework.data.repository.query.parser.PartTree$Predicate.lambda$new$0(PartTree.java:383) ~[spring-data-commons-2.4.6.jar:2.4.6]
	at java.base/java.util.stream.ReferencePipeline$3$1.accept(ReferencePipeline.java:195) ~[na:na]
	at java.base/java.util.stream.ReferencePipeline$2$1.accept(ReferencePipeline.java:177) ~[na:na]
	at java.base/java.util.Spliterators$ArraySpliterator.forEachRemaining(Spliterators.java:948) ~[na:na]
	at java.base/java.util.stream.AbstractPipeline.copyInto(AbstractPipeline.java:484) ~[na:na]
	at java.base/java.util.stream.AbstractPipeline.wrapAndCopyInto(AbstractPipeline.java:474) ~[na:na]
	at java.base/java.util.stream.ReduceOps$ReduceOp.evaluateSequential(ReduceOps.java:913) ~[na:na]
	at java.base/java.util.stream.AbstractPipeline.evaluate(AbstractPipeline.java:234) ~[na:na]
	at java.base/java.util.stream.ReferencePipeline.collect(ReferencePipeline.java:578) ~[na:na]
	at org.springframework.data.repository.query.parser.PartTree$Predicate.<init>(PartTree.java:384) ~[spring-data-commons-2.4.6.jar:2.4.6]
	at org.springframework.data.repository.query.parser.PartTree.<init>(PartTree.java:95) ~[spring-data-commons-2.4.6.jar:2.4.6]
	at org.springframework.data.jpa.repository.query.PartTreeJpaQuery.<init>(PartTreeJpaQuery.java:89) ~[spring-data-jpa-2.4.6.jar:2.4.6]
	... 76 common frames omitted

2021-05-10 11:08:45.946  INFO 19260 --- [restartedMain] com.cg.homeloan.HomeLoanAppApplication   : Starting HomeLoanAppApplication using Java 15.0.2 on lin51012147 with PID 19260 (C:\Users\AARAJAIN\eclipse-workspace\com.cg.homeloan\bin\main started by aarajain in C:\Users\AARAJAIN\eclipse-workspace\com.cg.homeloan)
2021-05-10 11:08:45.950  INFO 19260 --- [restartedMain] com.cg.homeloan.HomeLoanAppApplication   : No active profile set, falling back to default profiles: default
2021-05-10 11:08:46.045  INFO 19260 --- [restartedMain] o.s.b.devtools.restart.ChangeableUrls    : The Class-Path manifest attribute in C:\Users\AARAJAIN\.gradle\caches\modules-2\files-2.1\com.oracle.database.jdbc\ojdbc8\19.8.0.0\df9cff9b91c47d06b9a0482d566ee2d83a03e586\ojdbc8-19.8.0.0.jar referenced one or more files that do not exist: file:/C:/Users/AARAJAIN/.gradle/caches/modules-2/files-2.1/com.oracle.database.jdbc/ojdbc8/19.8.0.0/df9cff9b91c47d06b9a0482d566ee2d83a03e586/oraclepki.jar
2021-05-10 11:08:46.046  INFO 19260 --- [restartedMain] .e.DevToolsPropertyDefaultsPostProcessor : Devtools property defaults active! Set 'spring.devtools.add-properties' to 'false' to disable
2021-05-10 11:08:46.046  INFO 19260 --- [restartedMain] .e.DevToolsPropertyDefaultsPostProcessor : For additional web related logging consider setting the 'logging.level.web' property to 'DEBUG'
2021-05-10 11:08:47.288  INFO 19260 --- [restartedMain] .s.d.r.c.RepositoryConfigurationDelegate : Bootstrapping Spring Data JPA repositories in DEFAULT mode.
2021-05-10 11:08:47.402  INFO 19260 --- [restartedMain] .s.d.r.c.RepositoryConfigurationDelegate : Finished Spring Data repository scanning in 102 ms. Found 7 JPA repository interfaces.
2021-05-10 11:08:48.393  INFO 19260 --- [restartedMain] o.s.b.w.embedded.tomcat.TomcatWebServer  : Tomcat initialized with port(s): 8095 (http)
2021-05-10 11:08:48.406  INFO 19260 --- [restartedMain] o.apache.catalina.core.StandardService   : Starting service [Tomcat]
2021-05-10 11:08:48.407  INFO 19260 --- [restartedMain] org.apache.catalina.core.StandardEngine  : Starting Servlet engine: [Apache Tomcat/9.0.44]
2021-05-10 11:08:48.535  INFO 19260 --- [restartedMain] o.a.c.c.C.[Tomcat].[localhost].[/]       : Initializing Spring embedded WebApplicationContext
2021-05-10 11:08:48.536  INFO 19260 --- [restartedMain] w.s.c.ServletWebServerApplicationContext : Root WebApplicationContext: initialization completed in 2488 ms
2021-05-10 11:08:48.930  INFO 19260 --- [restartedMain] o.hibernate.jpa.internal.util.LogHelper  : HHH000204: Processing PersistenceUnitInfo [name: default]
2021-05-10 11:08:49.013  INFO 19260 --- [restartedMain] org.hibernate.Version                    : HHH000412: Hibernate ORM core version 5.4.29.Final
2021-05-10 11:08:49.283  INFO 19260 --- [restartedMain] o.hibernate.annotations.common.Version   : HCANN000001: Hibernate Commons Annotations {5.1.2.Final}
2021-05-10 11:08:49.418  INFO 19260 --- [restartedMain] com.zaxxer.hikari.HikariDataSource       : HikariPool-1 - Starting...
2021-05-10 11:08:49.726  INFO 19260 --- [restartedMain] com.zaxxer.hikari.HikariDataSource       : HikariPool-1 - Start completed.
2021-05-10 11:08:49.744  INFO 19260 --- [restartedMain] org.hibernate.dialect.Dialect            : HHH000400: Using dialect: org.hibernate.dialect.Oracle10gDialect
2021-05-10 11:09:07.328  INFO 19260 --- [restartedMain] o.h.e.t.j.p.i.JtaPlatformInitiator       : HHH000490: Using JtaPlatform implementation: [org.hibernate.engine.transaction.jta.platform.internal.NoJtaPlatform]
2021-05-10 11:09:07.338  INFO 19260 --- [restartedMain] j.LocalContainerEntityManagerFactoryBean : Initialized JPA EntityManagerFactory for persistence unit 'default'
2021-05-10 11:09:07.357  INFO 19260 --- [restartedMain] o.s.b.d.a.OptionalLiveReloadServer       : LiveReload server is running on port 35729
2021-05-10 11:09:08.414  WARN 19260 --- [restartedMain] JpaBaseConfiguration$JpaWebConfiguration : spring.jpa.open-in-view is enabled by default. Therefore, database queries may be performed during view rendering. Explicitly configure spring.jpa.open-in-view to disable this warning
2021-05-10 11:09:08.681  INFO 19260 --- [restartedMain] pertySourcedRequestMappingHandlerMapping : Mapped URL path [/v2/api-docs] onto method [springfox.documentation.swagger2.web.Swagger2Controller#getDocumentation(String, HttpServletRequest)]
2021-05-10 11:09:08.846  INFO 19260 --- [restartedMain] o.s.s.concurrent.ThreadPoolTaskExecutor  : Initializing ExecutorService 'applicationTaskExecutor'
2021-05-10 11:09:09.241  INFO 19260 --- [restartedMain] o.s.b.w.embedded.tomcat.TomcatWebServer  : Tomcat started on port(s): 8095 (http) with context path ''
2021-05-10 11:09:09.243  INFO 19260 --- [restartedMain] d.s.w.p.DocumentationPluginsBootstrapper : Context refreshed
2021-05-10 11:09:09.286  INFO 19260 --- [restartedMain] d.s.w.p.DocumentationPluginsBootstrapper : Found 1 custom documentation plugin(s)
2021-05-10 11:09:09.327  INFO 19260 --- [restartedMain] s.d.s.w.s.ApiListingReferenceScanner     : Scanning for api listing references
2021-05-10 11:09:09.621  INFO 19260 --- [restartedMain] .d.s.w.r.o.CachingOperationNameGenerator : Generating unique operation named: getAllLoanApplicationsUsingGET_1
2021-05-10 11:09:09.631  INFO 19260 --- [restartedMain] .d.s.w.r.o.CachingOperationNameGenerator : Generating unique operation named: getAllLoanApplicationsUsingGET_2
2021-05-10 11:09:09.675  INFO 19260 --- [restartedMain] com.cg.homeloan.HomeLoanAppApplication   : Started HomeLoanAppApplication in 24.24 seconds (JVM running for 24.942)
2021-05-10 11:12:04.822  INFO 19260 --- [http-nio-8095-exec-1] o.a.c.c.C.[Tomcat].[localhost].[/]       : Initializing Spring DispatcherServlet 'dispatcherServlet'
2021-05-10 11:12:04.823  INFO 19260 --- [http-nio-8095-exec-1] o.s.web.servlet.DispatcherServlet        : Initializing Servlet 'dispatcherServlet'
2021-05-10 11:12:04.827  INFO 19260 --- [http-nio-8095-exec-1] o.s.web.servlet.DispatcherServlet        : Completed initialization in 3 ms
2021-05-10 11:59:18.107  WARN 19260 --- [http-nio-8095-exec-4] .m.m.a.ExceptionHandlerExceptionResolver : Resolved [com.cg.homeloan.exceptions.LoanApplicationNotFoundException: Loan Application Not Found!!!]
2021-05-10 11:59:27.169  WARN 19260 --- [http-nio-8095-exec-8] .m.m.a.ExceptionHandlerExceptionResolver : Resolved [com.cg.homeloan.exceptions.LoanApplicationNotFoundException: Loan Application Not Found!!!]
2021-05-10 12:01:57.615  WARN 19260 --- [http-nio-8095-exec-1] .m.m.a.ExceptionHandlerExceptionResolver : Resolved [com.cg.homeloan.exceptions.LoanApplicationNotFoundException: Loan Application Not Found!!!]
2021-05-10 12:03:45.220  INFO 9940 --- [restartedMain] com.cg.homeloan.HomeLoanAppApplication   : Starting HomeLoanAppApplication using Java 15.0.2 on lin51012147 with PID 9940 (C:\Users\AARAJAIN\eclipse-workspace\com.cg.homeloan\bin\main started by aarajain in C:\Users\AARAJAIN\eclipse-workspace\com.cg.homeloan)
2021-05-10 12:03:45.223  INFO 9940 --- [restartedMain] com.cg.homeloan.HomeLoanAppApplication   : No active profile set, falling back to default profiles: default
2021-05-10 12:03:45.330  INFO 9940 --- [restartedMain] o.s.b.devtools.restart.ChangeableUrls    : The Class-Path manifest attribute in C:\Users\AARAJAIN\.gradle\caches\modules-2\files-2.1\com.oracle.database.jdbc\ojdbc8\19.8.0.0\df9cff9b91c47d06b9a0482d566ee2d83a03e586\ojdbc8-19.8.0.0.jar referenced one or more files that do not exist: file:/C:/Users/AARAJAIN/.gradle/caches/modules-2/files-2.1/com.oracle.database.jdbc/ojdbc8/19.8.0.0/df9cff9b91c47d06b9a0482d566ee2d83a03e586/oraclepki.jar
2021-05-10 12:03:45.333  INFO 9940 --- [restartedMain] .e.DevToolsPropertyDefaultsPostProcessor : Devtools property defaults active! Set 'spring.devtools.add-properties' to 'false' to disable
2021-05-10 12:03:45.334  INFO 9940 --- [restartedMain] .e.DevToolsPropertyDefaultsPostProcessor : For additional web related logging consider setting the 'logging.level.web' property to 'DEBUG'
2021-05-10 12:03:46.920  INFO 9940 --- [restartedMain] .s.d.r.c.RepositoryConfigurationDelegate : Bootstrapping Spring Data JPA repositories in DEFAULT mode.
2021-05-10 12:03:47.088  INFO 9940 --- [restartedMain] .s.d.r.c.RepositoryConfigurationDelegate : Finished Spring Data repository scanning in 152 ms. Found 7 JPA repository interfaces.
2021-05-10 12:03:48.333  INFO 9940 --- [restartedMain] o.s.b.w.embedded.tomcat.TomcatWebServer  : Tomcat initialized with port(s): 8095 (http)
2021-05-10 12:03:48.353  INFO 9940 --- [restartedMain] o.apache.catalina.core.StandardService   : Starting service [Tomcat]
2021-05-10 12:03:48.354  INFO 9940 --- [restartedMain] org.apache.catalina.core.StandardEngine  : Starting Servlet engine: [Apache Tomcat/9.0.44]
2021-05-10 12:03:48.520  INFO 9940 --- [restartedMain] o.a.c.c.C.[Tomcat].[localhost].[/]       : Initializing Spring embedded WebApplicationContext
2021-05-10 12:03:48.521  INFO 9940 --- [restartedMain] w.s.c.ServletWebServerApplicationContext : Root WebApplicationContext: initialization completed in 3185 ms
2021-05-10 12:03:49.274  INFO 9940 --- [restartedMain] o.hibernate.jpa.internal.util.LogHelper  : HHH000204: Processing PersistenceUnitInfo [name: default]
2021-05-10 12:03:49.396  INFO 9940 --- [restartedMain] org.hibernate.Version                    : HHH000412: Hibernate ORM core version 5.4.29.Final
2021-05-10 12:03:49.712  INFO 9940 --- [restartedMain] o.hibernate.annotations.common.Version   : HCANN000001: Hibernate Commons Annotations {5.1.2.Final}
2021-05-10 12:03:49.920  INFO 9940 --- [restartedMain] com.zaxxer.hikari.HikariDataSource       : HikariPool-1 - Starting...
2021-05-10 12:03:50.270  INFO 9940 --- [restartedMain] com.zaxxer.hikari.HikariDataSource       : HikariPool-1 - Start completed.
2021-05-10 12:03:50.301  INFO 9940 --- [restartedMain] org.hibernate.dialect.Dialect            : HHH000400: Using dialect: org.hibernate.dialect.Oracle10gDialect
2021-05-10 12:03:51.846  INFO 9940 --- [restartedMain] o.h.e.t.j.p.i.JtaPlatformInitiator       : HHH000490: Using JtaPlatform implementation: [org.hibernate.engine.transaction.jta.platform.internal.NoJtaPlatform]
2021-05-10 12:03:51.859  INFO 9940 --- [restartedMain] j.LocalContainerEntityManagerFactoryBean : Initialized JPA EntityManagerFactory for persistence unit 'default'
2021-05-10 12:03:51.892  INFO 9940 --- [restartedMain] o.s.b.d.a.OptionalLiveReloadServer       : LiveReload server is running on port 35729
2021-05-10 12:03:52.968  WARN 9940 --- [restartedMain] JpaBaseConfiguration$JpaWebConfiguration : spring.jpa.open-in-view is enabled by default. Therefore, database queries may be performed during view rendering. Explicitly configure spring.jpa.open-in-view to disable this warning
2021-05-10 12:03:53.250  INFO 9940 --- [restartedMain] pertySourcedRequestMappingHandlerMapping : Mapped URL path [/v2/api-docs] onto method [springfox.documentation.swagger2.web.Swagger2Controller#getDocumentation(String, HttpServletRequest)]
2021-05-10 12:03:53.384  INFO 9940 --- [restartedMain] o.s.s.concurrent.ThreadPoolTaskExecutor  : Initializing ExecutorService 'applicationTaskExecutor'
2021-05-10 12:03:53.782  INFO 9940 --- [restartedMain] o.s.b.w.embedded.tomcat.TomcatWebServer  : Tomcat started on port(s): 8095 (http) with context path ''
2021-05-10 12:03:53.784  INFO 9940 --- [restartedMain] d.s.w.p.DocumentationPluginsBootstrapper : Context refreshed
2021-05-10 12:03:53.836  INFO 9940 --- [restartedMain] d.s.w.p.DocumentationPluginsBootstrapper : Found 1 custom documentation plugin(s)
2021-05-10 12:03:53.880  INFO 9940 --- [restartedMain] s.d.s.w.s.ApiListingReferenceScanner     : Scanning for api listing references
2021-05-10 12:03:54.301  INFO 9940 --- [restartedMain] .d.s.w.r.o.CachingOperationNameGenerator : Generating unique operation named: getAllLoanApplicationsUsingGET_1
2021-05-10 12:03:54.308  INFO 9940 --- [restartedMain] .d.s.w.r.o.CachingOperationNameGenerator : Generating unique operation named: getAllLoanApplicationsUsingGET_2
2021-05-10 12:03:54.338  INFO 9940 --- [restartedMain] com.cg.homeloan.HomeLoanAppApplication   : Started HomeLoanAppApplication in 9.821 seconds (JVM running for 10.659)
2021-05-10 12:03:57.078  INFO 9940 --- [http-nio-8095-exec-1] o.a.c.c.C.[Tomcat].[localhost].[/]       : Initializing Spring DispatcherServlet 'dispatcherServlet'
2021-05-10 12:03:57.079  INFO 9940 --- [http-nio-8095-exec-1] o.s.web.servlet.DispatcherServlet        : Initializing Servlet 'dispatcherServlet'
2021-05-10 12:03:57.081  INFO 9940 --- [http-nio-8095-exec-1] o.s.web.servlet.DispatcherServlet        : Completed initialization in 2 ms
2021-05-10 12:04:01.410  WARN 9940 --- [http-nio-8095-exec-3] .m.m.a.ExceptionHandlerExceptionResolver : Resolved [com.cg.homeloan.exceptions.LoanApplicationNotFoundException: Loan Application Not Found!!!]
2021-05-10 12:04:36.418  WARN 9940 --- [http-nio-8095-exec-4] .m.m.a.ExceptionHandlerExceptionResolver : Resolved [com.cg.homeloan.exceptions.LoanApplicationNotFoundException: Loan Application Not Found!!!]
